[debug] [2019-01-20T15:47:22.592Z] ----------------------------------------------------------------------
[debug] [2019-01-20T15:47:22.594Z] Command:       C:\Program Files\nodejs\node.exe C:\Users\Hugo\AppData\Roaming\npm\node_modules\firebase-tools\lib\bin\firebase.js init
[debug] [2019-01-20T15:47:22.595Z] CLI Version:   6.3.0
[debug] [2019-01-20T15:47:22.595Z] Platform:      win32
[debug] [2019-01-20T15:47:22.595Z] Node Version:  v8.11.1
[debug] [2019-01-20T15:47:22.595Z] Time:          Sun Jan 20 2019 16:47:22 GMT+0100 (Hora estándar romance)
[debug] [2019-01-20T15:47:22.595Z] ----------------------------------------------------------------------
[debug] 
[debug] [2019-01-20T15:47:22.602Z] > command requires scopes: ["email","openid","https://www.googleapis.com/auth/cloudplatformprojects.readonly","https://www.googleapis.com/auth/firebase","https://www.googleapis.com/auth/cloud-platform"]
[debug] [2019-01-20T15:47:22.602Z] > authorizing via signed-in user
[info] 
     ######## #### ########  ######## ########     ###     ######  ########
     ##        ##  ##     ## ##       ##     ##  ##   ##  ##       ##
     ######    ##  ########  ######   ########  #########  ######  ######
     ##        ##  ##    ##  ##       ##     ## ##     ##       ## ##
     ##       #### ##     ## ######## ########  ##     ##  ######  ########

You're about to initialize a Firebase project in this directory:

  C:\angulargdg

Before we get started, keep in mind:

  * You are currently outside your home directory

[info] 
=== Project Setup
[info] 
[info] First, let's associate this project directory with a Firebase project.
[info] You can create multiple project aliases by running firebase use --add, 
[info] but for now we'll just set up a default project.
[info] 
[debug] [2019-01-20T15:47:26.329Z] > refreshing access token with scopes: ["email","https://www.googleapis.com/auth/cloud-platform","https://www.googleapis.com/auth/cloudplatformprojects.readonly","https://www.googleapis.com/auth/firebase","openid"]
[debug] [2019-01-20T15:47:26.329Z] >>> HTTP REQUEST POST https://www.googleapis.com/oauth2/v3/token  
 <request body omitted>
[debug] [2019-01-20T15:47:26.684Z] <<< HTTP RESPONSE 200
[debug] [2019-01-20T15:47:26.694Z] >>> HTTP REQUEST GET https://firebase.googleapis.com/v1beta1/projects?page_size=100  
 
[debug] [2019-01-20T15:47:27.247Z] <<< HTTP RESPONSE 200
[debug] [2019-01-20T15:48:18.683Z] ----------------------------------------------------------------------
[debug] [2019-01-20T15:48:18.685Z] Command:       C:\Program Files\nodejs\node.exe C:\Users\Hugo\AppData\Roaming\npm\node_modules\firebase-tools\lib\bin\firebase.js init
[debug] [2019-01-20T15:48:18.685Z] CLI Version:   6.3.0
[debug] [2019-01-20T15:48:18.685Z] Platform:      win32
[debug] [2019-01-20T15:48:18.685Z] Node Version:  v8.11.1
[debug] [2019-01-20T15:48:18.686Z] Time:          Sun Jan 20 2019 16:48:18 GMT+0100 (Hora estándar romance)
[debug] [2019-01-20T15:48:18.686Z] ----------------------------------------------------------------------
[debug] 
[debug] [2019-01-20T15:48:18.693Z] > command requires scopes: ["email","openid","https://www.googleapis.com/auth/cloudplatformprojects.readonly","https://www.googleapis.com/auth/firebase","https://www.googleapis.com/auth/cloud-platform"]
[debug] [2019-01-20T15:48:18.693Z] > authorizing via signed-in user
[info] 
     ######## #### ########  ######## ########     ###     ######  ########
     ##        ##  ##     ## ##       ##     ##  ##   ##  ##       ##
     ######    ##  ########  ######   ########  #########  ######  ######
     ##        ##  ##    ##  ##       ##     ## ##     ##       ## ##
     ##       #### ##     ## ######## ########  ##     ##  ######  ########

You're about to initialize a Firebase project in this directory:

  C:\angulargdg

Before we get started, keep in mind:

  * You are currently outside your home directory

[info] 
=== Project Setup
[info] 
[info] First, let's associate this project directory with a Firebase project.
[info] You can create multiple project aliases by running firebase use --add, 
[info] but for now we'll just set up a default project.
[info] 
[debug] [2019-01-20T15:48:22.017Z] >>> HTTP REQUEST GET https://firebase.googleapis.com/v1beta1/projects?page_size=100  
 
[debug] [2019-01-20T15:48:22.908Z] <<< HTTP RESPONSE 200
[info] 
=== Hosting Setup
[info] 
[info] Your public directory is the folder (relative to your project directory) that
[info] will contain Hosting assets to be uploaded with firebase deploy. If you
[info] have a build process for your assets, use your build's output directory.
[info] 
